<?xml version="1.0" encoding="UTF-8"?>
<testsuite xmlns:xsi="http://www.w3.org/2001/XMLSchema-instance" xsi:noNamespaceSchemaLocation="https://maven.apache.org/surefire/maven-surefire-plugin/xsd/surefire-test-report-3.0.xsd" version="3.0" name="com.portfolio.dmf.DmfApplicationTests" time="6.441" tests="1" errors="0" skipped="0" failures="0">
  <properties>
[...]
</properties>
  <testcase name="contextLoads" classname="com.portfolio.dmf.DmfApplicationTests" time="0.797">
    <system-out><![CDATA[13:33:14.760 [main] INFO org.springframework.test.context.support.AnnotationConfigContextLoaderUtils -- Could not detect default configuration classes for test class [com.portfolio.dmf.DmfApplicationTests]: DmfApplicationTests does not declare any static, non-private, non-final, nested classes annotated with @Configuration.
13:33:15.000 [main] INFO org.springframework.boot.test.context.SpringBootTestContextBootstrapper -- Found @SpringBootConfiguration com.portfolio.dmf.DmfApplication for test class com.portfolio.dmf.DmfApplicationTests

  .   ____          _            __ _ _
 /\\ / ___'_ __ _ _(_)_ __  __ _ \ \ \ \
( ( )\___ | '_ | '_| | '_ \/ _` | \ \ \ \
 \\/  ___)| |_)| | | | | || (_| |  ) ) ) )
  '  |____| .__|_| |_|_| |_\__, | / / / /
 =========|_|==============|___/=/_/_/_/
 :: Spring Boot ::                (v3.1.0)

2023-05-23T13:33:15.461-03:00  INFO 26548 --- [           main] com.portfolio.dmf.DmfApplicationTests    : Starting DmfApplicationTests using Java 20 with PID 26548 (started by diegodevs in C:\Users\NG By ROG\Desktop\CURSO ArgProg\Proyecto Final Backend\dmf)
2023-05-23T13:33:15.463-03:00  INFO 26548 --- [           main] com.portfolio.dmf.DmfApplicationTests    : No active profile set, falling back to 1 default profile: "default"
2023-05-23T13:33:16.177-03:00  INFO 26548 --- [           main] .s.d.r.c.RepositoryConfigurationDelegate : Bootstrapping Spring Data JPA repositories in DEFAULT mode.
2023-05-23T13:33:16.262-03:00  INFO 26548 --- [           main] .s.d.r.c.RepositoryConfigurationDelegate : Finished Spring Data repository scanning in 75 ms. Found 4 JPA repository interfaces.
2023-05-23T13:33:16.792-03:00  INFO 26548 --- [           main] o.hibernate.jpa.internal.util.LogHelper  : HHH000204: Processing PersistenceUnitInfo [name: default]
2023-05-23T13:33:16.855-03:00  INFO 26548 --- [           main] org.hibernate.Version                    : HHH000412: Hibernate ORM core version 6.2.2.Final
2023-05-23T13:33:16.859-03:00  INFO 26548 --- [           main] org.hibernate.cfg.Environment            : HHH000406: Using bytecode reflection optimizer
2023-05-23T13:33:17.035-03:00  INFO 26548 --- [           main] o.h.b.i.BytecodeProviderInitiator        : HHH000021: Bytecode provider name : bytebuddy
2023-05-23T13:33:17.167-03:00  INFO 26548 --- [           main] o.s.o.j.p.SpringPersistenceUnitInfo      : No LoadTimeWeaver setup: ignoring JPA class transformer
2023-05-23T13:33:17.191-03:00  INFO 26548 --- [           main] com.zaxxer.hikari.HikariDataSource       : HikariPool-1 - Starting...
2023-05-23T13:33:17.393-03:00  INFO 26548 --- [           main] com.zaxxer.hikari.pool.HikariPool        : HikariPool-1 - Added connection com.mysql.cj.jdbc.ConnectionImpl@c0c8f96
2023-05-23T13:33:17.393-03:00  INFO 26548 --- [           main] com.zaxxer.hikari.HikariDataSource       : HikariPool-1 - Start completed.
2023-05-23T13:33:17.412-03:00  INFO 26548 --- [           main] org.hibernate.orm.dialect                : HHH035001: Using dialect: org.hibernate.dialect.MySQL8Dialect, version: 8.0
2023-05-23T13:33:17.414-03:00  WARN 26548 --- [           main] org.hibernate.orm.deprecation            : HHH90000026: MySQL8Dialect has been deprecated; use org.hibernate.dialect.MySQLDialect instead
2023-05-23T13:33:17.574-03:00  INFO 26548 --- [           main] o.h.b.i.BytecodeProviderInitiator        : HHH000021: Bytecode provider name : bytebuddy
2023-05-23T13:33:18.115-03:00  INFO 26548 --- [           main] o.h.e.t.j.p.i.JtaPlatformInitiator       : HHH000490: Using JtaPlatform implementation: [org.hibernate.engine.transaction.jta.platform.internal.NoJtaPlatform]
2023-05-23T13:33:18.687-03:00  INFO 26548 --- [           main] j.LocalContainerEntityManagerFactoryBean : Initialized JPA EntityManagerFactory for persistence unit 'default'
2023-05-23T13:33:19.286-03:00  WARN 26548 --- [           main] JpaBaseConfiguration$JpaWebConfiguration : spring.jpa.open-in-view is enabled by default. Therefore, database queries may be performed during view rendering. Explicitly configure spring.jpa.open-in-view to disable this warning
2023-05-23T13:33:19.661-03:00  WARN 26548 --- [           main] .s.s.UserDetailsServiceAutoConfiguration : 

Using generated security password: fe48e734-d860-437a-a798-5242502d55da

This generated password is for development use only. Your security configuration must be updated before running your application in production.

2023-05-23T13:33:20.056-03:00  INFO 26548 --- [           main] o.s.s.web.DefaultSecurityFilterChain     : Will secure any request with [org.springframework.security.web.session.DisableEncodeUrlFilter@4a00d591, org.springframework.security.web.context.request.async.WebAsyncManagerIntegrationFilter@4fae4c3b, org.springframework.security.web.context.SecurityContextHolderFilter@3ecc9baa, org.springframework.security.web.header.HeaderWriterFilter@55849272, org.springframework.security.web.csrf.CsrfFilter@1196537d, org.springframework.security.web.authentication.logout.LogoutFilter@578781f7, org.springframework.security.web.authentication.UsernamePasswordAuthenticationFilter@4ee1c29a, org.springframework.security.web.authentication.ui.DefaultLoginPageGeneratingFilter@73a88711, org.springframework.security.web.authentication.ui.DefaultLogoutPageGeneratingFilter@2222cd2c, org.springframework.security.web.authentication.www.BasicAuthenticationFilter@2835b3d1, org.springframework.security.web.savedrequest.RequestCacheAwareFilter@294ebdae, org.springframework.security.web.servletapi.SecurityContextHolderAwareRequestFilter@13e5c53c, org.springframework.security.web.authentication.AnonymousAuthenticationFilter@4cddc3d9, org.springframework.security.web.access.ExceptionTranslationFilter@294ab038, org.springframework.security.web.access.intercept.AuthorizationFilter@192aeae2]
2023-05-23T13:33:20.095-03:00  INFO 26548 --- [           main] com.portfolio.dmf.DmfApplicationTests    : Started DmfApplicationTests in 4.976 seconds (process running for 6.425)
]]></system-out>
  </testcase>
</testsuite>